<?xml version="1.0" ?>
<testsuite name="Test-20200216160122" tests="19" time="290.867" failures="0" errors="0">
	<testcase classname="Test" name="test_componet_Dominent_recessive_validations" time="8.344"/>
	<testcase classname="Test" name="test_componet_Galv_validations" time="10.952"/>
	<testcase classname="Test" name="test_componet_Humun_brain_validations" time="9.287"/>
	<testcase classname="Test" name="test_componet_OpaqueT_validations" time="18.516"/>
	<testcase classname="Test" name="test_componet_Reproduct_part_validations" time="10.096"/>
	<testcase classname="Test" name="test_componet_atomic_model_validations" time="16.666"/>
	<testcase classname="Test" name="test_componet_complexNumbers_validations" time="6.475"/>
	<testcase classname="Test" name="test_componet_dot_structure_validations" time="8.492"/>
	<testcase classname="Test" name="test_componet_lineandplain_validations" time="13.240"/>
	<testcase classname="Test" name="test_componet_lines_validations" time="8.782"/>
	<testcase classname="Test" name="test_componet_series_parallel_validations" time="8.495"/>
	<testcase classname="Test" name="test_componet_structurePhonel_validations" time="28.258"/>
	<testcase classname="Test" name="test_impact_analysis_AI" time="12.945"/>
	<testcase classname="Test" name="test_impact_analysis_launch" time="29.473"/>
	<testcase classname="Test" name="test_impact_analysis_module_attempted" time="12.177"/>
	<testcase classname="Test" name="test_impact_analysis_socre_by_module" time="18.393"/>
	<testcase classname="Test" name="test_login_form_validations" time="14.103"/>
	<testcase classname="Test" name="test_signup_form_validations" time="38.444"/>
	<testcase classname="Test" name="test_signup_tag_validations" time="17.731"/>
	<system-out><![CDATA[impact analysis logged successfully..
logged in successfully
]]></system-out>
	<system-err><![CDATA[]]></system-err>
</testsuite>
