<?xml version="1.0" encoding="UTF-8"?>
<testsuite errors="0" failures="0" file=".py" name="Test-20200213002832" skipped="0" tests="19" time="752.597" timestamp="2020-02-13T00:41:08">
	<testcase classname="Test" file="unittests\vaeative_unit.py" line="273" name="test_componet_Dominent_recessive_validations" time="59.050" timestamp="2020-02-13T00:29:35">
		<system-out>
<![CDATA[]]>		</system-out>
		<system-err>
<![CDATA[]]>		</system-err>
	</testcase>
	<testcase classname="Test" file="unittests\vaeative_unit.py" line="250" name="test_componet_Galv_validations" time="52.745" timestamp="2020-02-13T00:30:27">
		<system-out>
<![CDATA[]]>		</system-out>
		<system-err>
<![CDATA[]]>		</system-err>
	</testcase>
	<testcase classname="Test" file="unittests\vaeative_unit.py" line="343" name="test_componet_Humun_brain_validations" time="46.272" timestamp="2020-02-13T00:31:14">
		<system-out>
<![CDATA[]]>		</system-out>
		<system-err>
<![CDATA[]]>		</system-err>
	</testcase>
	<testcase classname="Test" file="unittests\vaeative_unit.py" line="181" name="test_componet_OpaqueT_validations" time="57.163" timestamp="2020-02-13T00:32:11">
		<system-out>
<![CDATA[]]>		</system-out>
		<system-err>
<![CDATA[]]>		</system-err>
	</testcase>
	<testcase classname="Test" file="unittests\vaeative_unit.py" line="158" name="test_componet_Reproduct_part_validations" time="60.891" timestamp="2020-02-13T00:33:12">
		<system-out>
<![CDATA[]]>		</system-out>
		<system-err>
<![CDATA[]]>		</system-err>
	</testcase>
	<testcase classname="Test" file="unittests\vaeative_unit.py" line="227" name="test_componet_atomic_model_validations" time="47.983" timestamp="2020-02-13T00:34:00">
		<system-out>
<![CDATA[]]>		</system-out>
		<system-err>
<![CDATA[]]>		</system-err>
	</testcase>
	<testcase classname="Test" file="unittests\vaeative_unit.py" line="135" name="test_componet_complexNumbers_validations" time="42.334" timestamp="2020-02-13T00:34:42">
		<system-out>
<![CDATA[]]>		</system-out>
		<system-err>
<![CDATA[]]>		</system-err>
	</testcase>
	<testcase classname="Test" file="unittests\vaeative_unit.py" line="320" name="test_componet_dot_structure_validations" time="53.365" timestamp="2020-02-13T00:35:35">
		<system-out>
<![CDATA[]]>		</system-out>
		<system-err>
<![CDATA[]]>		</system-err>
	</testcase>
	<testcase classname="Test" file="unittests\vaeative_unit.py" line="88" name="test_componet_lineandplain_validations" time="99.257" timestamp="2020-02-13T00:37:15">
		<system-out>
<![CDATA[]]>		</system-out>
		<system-err>
<![CDATA[]]>		</system-err>
	</testcase>
	<testcase classname="Test" file="unittests\vaeative_unit.py" line="296" name="test_componet_lines_validations" time="22.331" timestamp="2020-02-13T00:37:37">
		<system-out>
<![CDATA[]]>		</system-out>
		<system-err>
<![CDATA[]]>		</system-err>
	</testcase>
	<testcase classname="Test" file="unittests\vaeative_unit.py" line="204" name="test_componet_series_parallel_validations" time="47.233" timestamp="2020-02-13T00:38:24">
		<system-out>
<![CDATA[]]>		</system-out>
		<system-err>
<![CDATA[]]>		</system-err>
	</testcase>
	<testcase classname="Test" file="unittests\vaeative_unit.py" line="112" name="test_componet_structurePhonel_validations" time="52.002" timestamp="2020-02-13T00:39:16">
		<system-out>
<![CDATA[]]>		</system-out>
		<system-err>
<![CDATA[]]>		</system-err>
	</testcase>
	<testcase classname="Test" file="unittests\vaeative_unit.py" line="379" name="test_impact_analysis_AI" time="21.843" timestamp="2020-02-13T00:39:38">
		<system-out>
<![CDATA[]]>		</system-out>
		<system-err>
<![CDATA[]]>		</system-err>
	</testcase>
	<testcase classname="Test" file="unittests\vaeative_unit.py" line="372" name="test_impact_analysis_launch" time="8.448" timestamp="2020-02-13T00:39:47">
		<system-out>
<![CDATA[impact analysis logged successfully..
]]>		</system-out>
		<system-err>
<![CDATA[]]>		</system-err>
	</testcase>
	<testcase classname="Test" file="unittests\vaeative_unit.py" line="399" name="test_impact_analysis_module_attempted" time="20.378" timestamp="2020-02-13T00:40:07">
		<system-out>
<![CDATA[]]>		</system-out>
		<system-err>
<![CDATA[]]>		</system-err>
	</testcase>
	<testcase classname="Test" file="unittests\vaeative_unit.py" line="389" name="test_impact_analysis_socre_by_module" time="26.441" timestamp="2020-02-13T00:40:33">
		<system-out>
<![CDATA[]]>		</system-out>
		<system-err>
<![CDATA[]]>		</system-err>
	</testcase>
	<testcase classname="Test" file="unittests\vaeative_unit.py" line="17" name="test_login_form_validations" time="6.620" timestamp="2020-02-13T00:40:40">
		<system-out>
<![CDATA[logged in successfully
]]>		</system-out>
		<system-err>
<![CDATA[]]>		</system-err>
	</testcase>
	<testcase classname="Test" file="unittests\vaeative_unit.py" line="47" name="test_signup_form_validations" time="17.121" timestamp="2020-02-13T00:40:57">
		<system-out>
<![CDATA[]]>		</system-out>
		<system-err>
<![CDATA[]]>		</system-err>
	</testcase>
	<testcase classname="Test" file="unittests\vaeative_unit.py" line="36" name="test_signup_tag_validations" time="11.120" timestamp="2020-02-13T00:41:08">
		<system-out>
<![CDATA[]]>		</system-out>
		<system-err>
<![CDATA[]]>		</system-err>
	</testcase>
</testsuite>
