<?xml version="1.0" ?>
<testsuite name="Test-20200216161452" tests="19" time="599.583" failures="0" errors="0">
	<testcase classname="Test" name="test_componet_Dominent_recessive_validations" time="7.668"/>
	<testcase classname="Test" name="test_componet_Galv_validations" time="8.091"/>
	<testcase classname="Test" name="test_componet_Humun_brain_validations" time="12.240"/>
	<testcase classname="Test" name="test_componet_OpaqueT_validations" time="8.215"/>
	<testcase classname="Test" name="test_componet_Reproduct_part_validations" time="9.068"/>
	<testcase classname="Test" name="test_componet_atomic_model_validations" time="10.859"/>
	<testcase classname="Test" name="test_componet_complexNumbers_validations" time="9.573"/>
	<testcase classname="Test" name="test_componet_dot_structure_validations" time="10.633"/>
	<testcase classname="Test" name="test_componet_lineandplain_validations" time="12.752"/>
	<testcase classname="Test" name="test_componet_lines_validations" time="8.325"/>
	<testcase classname="Test" name="test_componet_series_parallel_validations" time="9.650"/>
	<testcase classname="Test" name="test_componet_structurePhonel_validations" time="29.954"/>
	<testcase classname="Test" name="test_impact_analysis_AI" time="41.764"/>
	<testcase classname="Test" name="test_impact_analysis_launch" time="41.495"/>
	<testcase classname="Test" name="test_impact_analysis_module_attempted" time="143.028"/>
	<testcase classname="Test" name="test_impact_analysis_socre_by_module" time="31.819"/>
	<testcase classname="Test" name="test_login_form_validations" time="84.629"/>
	<testcase classname="Test" name="test_signup_form_validations" time="97.173"/>
	<testcase classname="Test" name="test_signup_tag_validations" time="22.652"/>
	<system-out><![CDATA[impact analysis logged successfully..
logged in successfully
]]></system-out>
	<system-err><![CDATA[]]></system-err>
</testsuite>
